<?xml version="1.0" encoding="UTF-8"?>
<beans xmlns="http://www.springframework.org/schema/beans"
	xmlns:xsi="http://www.w3.org/2001/XMLSchema-instance" 
	xmlns:context="http://www.springframework.org/schema/context"
	xmlns:c="http://www.springframework.org/schema/c" 
	xmlns:p="http://www.springframework.org/schema/p"
	xmlns:cache="http://www.springframework.org/schema/cache"
	xsi:schemaLocation="
		http://www.springframework.org/schema/beans http://www.springframework.org/schema/beans/spring-beans-3.1.xsd
        http://www.springframework.org/schema/context http://www.springframework.org/schema/context/spring-context.xsd
        http://www.springframework.org/schema/cache http://www.springframework.org/schema/cache/spring-cache.xsd"
     default-lazy-init="true">

	<context:component-scan base-package="com.appleframework.cache.redis" />  
	
	<!-- turn on declarative caching -->
	<cache:annotation-driven cache-manager="springCacheManager" />  

	<bean id="ehCacheManagerFactoryBean" class="org.springframework.cache.ehcache.EhCacheManagerFactoryBean"/>
	
	<bean id="cacheManager" class="com.appleframework.cache.ehcache.EhCacheManager">
		<property name="ehcacheManager" ref="ehCacheManagerFactoryBean" />
	</bean>
	
	<bean id="springCacheManager"
		class="com.appleframework.cache.ehcache.spring2.SpringEhCacheManager">
		<property name="ehcacheManager" ref="ehCacheManagerFactoryBean" />
		<!-- 配置缓存时间 -->
		<property name="expireConfig">
			<map>
				<entry key="testd" value="5" />   <!-- key缓存对象名称 value缓存过期时间 -->
			</map>
		</property>
	</bean>

</beans>